Performing C SOURCE FILE Test CMAKE_HAVE_LIBC_PTHREAD failed with the following output:
Change Dir: /home/zhh/flir_ws/build/CMakeFiles/CMakeTmp

Run Build Command(s):/usr/bin/make cmTC_b68b9/fast && /usr/bin/make -f CMakeFiles/cmTC_b68b9.dir/build.make CMakeFiles/cmTC_b68b9.dir/build
make[1]: 进入目录“/home/zhh/flir_ws/build/CMakeFiles/CMakeTmp”
Building C object CMakeFiles/cmTC_b68b9.dir/src.c.o
/usr/bin/cc   -DCMAKE_HAVE_LIBC_PTHREAD   -o CMakeFiles/cmTC_b68b9.dir/src.c.o   -c /home/zhh/flir_ws/build/CMakeFiles/CMakeTmp/src.c
Linking C executable cmTC_b68b9
/usr/bin/cmake -E cmake_link_script CMakeFiles/cmTC_b68b9.dir/link.txt --verbose=1
/usr/bin/cc  -DCMAKE_HAVE_LIBC_PTHREAD    -rdynamic CMakeFiles/cmTC_b68b9.dir/src.c.o  -o cmTC_b68b9 
/usr/bin/ld: CMakeFiles/cmTC_b68b9.dir/src.c.o: in function `main':
src.c:(.text+0x46): undefined reference to `pthread_create'
/usr/bin/ld: src.c:(.text+0x52): undefined reference to `pthread_detach'
/usr/bin/ld: src.c:(.text+0x63): undefined reference to `pthread_join'
collect2: error: ld returned 1 exit status
make[1]: *** [CMakeFiles/cmTC_b68b9.dir/build.make:87：cmTC_b68b9] 错误 1
make[1]: 离开目录“/home/zhh/flir_ws/build/CMakeFiles/CMakeTmp”
make: *** [Makefile:121：cmTC_b68b9/fast] 错误 2


Source file was:
#include <pthread.h>

void* test_func(void* data)
{
  return data;
}

int main(void)
{
  pthread_t thread;
  pthread_create(&thread, NULL, test_func, NULL);
  pthread_detach(thread);
  pthread_join(thread, NULL);
  pthread_atfork(NULL, NULL, NULL);
  pthread_exit(NULL);

  return 0;
}

Determining if the function pthread_create exists in the pthreads failed with the following output:
Change Dir: /home/zhh/flir_ws/build/CMakeFiles/CMakeTmp

Run Build Command(s):/usr/bin/make cmTC_8ed0a/fast && /usr/bin/make -f CMakeFiles/cmTC_8ed0a.dir/build.make CMakeFiles/cmTC_8ed0a.dir/build
make[1]: 进入目录“/home/zhh/flir_ws/build/CMakeFiles/CMakeTmp”
Building C object CMakeFiles/cmTC_8ed0a.dir/CheckFunctionExists.c.o
/usr/bin/cc   -DCHECK_FUNCTION_EXISTS=pthread_create   -o CMakeFiles/cmTC_8ed0a.dir/CheckFunctionExists.c.o   -c /usr/share/cmake-3.16/Modules/CheckFunctionExists.c
Linking C executable cmTC_8ed0a
/usr/bin/cmake -E cmake_link_script CMakeFiles/cmTC_8ed0a.dir/link.txt --verbose=1
/usr/bin/cc  -DCHECK_FUNCTION_EXISTS=pthread_create    -rdynamic CMakeFiles/cmTC_8ed0a.dir/CheckFunctionExists.c.o  -o cmTC_8ed0a  -lpthreads 
/usr/bin/ld: 找不到 -lpthreads
collect2: error: ld returned 1 exit status
make[1]: *** [CMakeFiles/cmTC_8ed0a.dir/build.make:87：cmTC_8ed0a] 错误 1
make[1]: 离开目录“/home/zhh/flir_ws/build/CMakeFiles/CMakeTmp”
make: *** [Makefile:121：cmTC_8ed0a/fast] 错误 2



Determining if the function sgemm_ exists failed with the following output:
Change Dir: /home/zhh/flir_ws/build/CMakeFiles/CMakeTmp

Run Build Command(s):/usr/bin/make cmTC_5ce6c/fast && /usr/bin/make -f CMakeFiles/cmTC_5ce6c.dir/build.make CMakeFiles/cmTC_5ce6c.dir/build
make[1]: 进入目录“/home/zhh/flir_ws/build/CMakeFiles/CMakeTmp”
Building C object CMakeFiles/cmTC_5ce6c.dir/CheckFunctionExists.c.o
/usr/bin/cc   -DCHECK_FUNCTION_EXISTS=sgemm_   -o CMakeFiles/cmTC_5ce6c.dir/CheckFunctionExists.c.o   -c /usr/share/cmake-3.16/Modules/CheckFunctionExists.c
Linking C executable cmTC_5ce6c
/usr/bin/cmake -E cmake_link_script CMakeFiles/cmTC_5ce6c.dir/link.txt --verbose=1
/usr/bin/cc  -DCHECK_FUNCTION_EXISTS=sgemm_    -rdynamic CMakeFiles/cmTC_5ce6c.dir/CheckFunctionExists.c.o  -o cmTC_5ce6c 
/usr/bin/ld: CMakeFiles/cmTC_5ce6c.dir/CheckFunctionExists.c.o: in function `main':
CheckFunctionExists.c:(.text+0x14): undefined reference to `sgemm_'
collect2: error: ld returned 1 exit status
make[1]: *** [CMakeFiles/cmTC_5ce6c.dir/build.make:87：cmTC_5ce6c] 错误 1
make[1]: 离开目录“/home/zhh/flir_ws/build/CMakeFiles/CMakeTmp”
make: *** [Makefile:121：cmTC_5ce6c/fast] 错误 2



Determining if the function cheev_ exists failed with the following output:
Change Dir: /home/zhh/flir_ws/build/CMakeFiles/CMakeTmp

Run Build Command(s):/usr/bin/make cmTC_81d01/fast && /usr/bin/make -f CMakeFiles/cmTC_81d01.dir/build.make CMakeFiles/cmTC_81d01.dir/build
make[1]: 进入目录“/home/zhh/flir_ws/build/CMakeFiles/CMakeTmp”
Building C object CMakeFiles/cmTC_81d01.dir/CheckFunctionExists.c.o
/usr/bin/cc   -DCHECK_FUNCTION_EXISTS=cheev_   -o CMakeFiles/cmTC_81d01.dir/CheckFunctionExists.c.o   -c /usr/share/cmake-3.16/Modules/CheckFunctionExists.c
Linking C executable cmTC_81d01
/usr/bin/cmake -E cmake_link_script CMakeFiles/cmTC_81d01.dir/link.txt --verbose=1
/usr/bin/cc  -DCHECK_FUNCTION_EXISTS=cheev_    -rdynamic CMakeFiles/cmTC_81d01.dir/CheckFunctionExists.c.o  -o cmTC_81d01  /usr/lib/x86_64-linux-gnu/libblas.so 
/usr/bin/ld: CMakeFiles/cmTC_81d01.dir/CheckFunctionExists.c.o: in function `main':
CheckFunctionExists.c:(.text+0x14): undefined reference to `cheev_'
collect2: error: ld returned 1 exit status
make[1]: *** [CMakeFiles/cmTC_81d01.dir/build.make:88：cmTC_81d01] 错误 1
make[1]: 离开目录“/home/zhh/flir_ws/build/CMakeFiles/CMakeTmp”
make: *** [Makefile:121：cmTC_81d01/fast] 错误 2



